<?xml version="1.0" encoding="UTF-8" ?>
<testsuite errors="0" failures="0" hostname="josecanova-PC" name="test.org.nanotek.datanucleus.persistence.dao.JPATestDAO" skipped="0" tests="1" time="1.364" timestamp="2014-08-07T01:02:30">
  <properties>
    <property name="java.vendor" value="Oracle Corporation" />
    <property name="env.CHROME_ETW_LOGGING" value="1" />
    <property name="sun.java.launcher" value="SUN_STANDARD" />
    <property name="eclipse.pdebuild.templates" value="/C:/Java/eclipse-standard-luna-R-win32-x86_64/eclipse/plugins/org.eclipse.pde.build_3.9.0.v20140415-2029/templates/" />
    <property name="sun.management.compiler" value="HotSpot 64-Bit Tiered Compilers" />
    <property name="env.PROMPT" value="$P$G" />
    <property name="os.name" value="Windows 7" />
    <property name="env.FP_NO_HOST_CHECK" value="NO" />
    <property name="sun.boot.class.path" value="C:\Java\jdk1.7.0_51\jre\lib\resources.jar;C:\Java\jdk1.7.0_51\jre\lib\rt.jar;C:\Java\jdk1.7.0_51\jre\lib\sunrsasign.jar;C:\Java\jdk1.7.0_51\jre\lib\jsse.jar;C:\Java\jdk1.7.0_51\jre\lib\jce.jar;C:\Java\jdk1.7.0_51\jre\lib\charsets.jar;C:\Java\jdk1.7.0_51\jre\lib\jfr.jar;C:\Java\jdk1.7.0_51\jre\classes" />
    <property name="env.COMPUTERNAME" value="JOSECANOVA-PC" />
    <property name="env.CommonProgramW6432" value="C:\Program Files\Common Files" />
    <property name="env.ALLUSERSPROFILE" value="C:\ProgramData" />
    <property name="sun.desktop" value="windows" />
    <property name="java.vm.specification.vendor" value="Oracle Corporation" />
    <property name="env.GDAL_DATA" value="C:\PostgreSQL\9.2\gdal-data" />
    <property name="ant.home" value="C:\Java\eclipse-standard-luna-R-win32-x86_64\eclipse\plugins\org.apache.ant_1.9.2.v201404171502" />
    <property name="java.runtime.version" value="1.7.0_51-b13" />
    <property name="env.HOMEPATH" value="\Users\josecanova" />
    <property name="datanucleus.ConnectionDriverName" value="org.postgresql.Driver" />
    <property name="user.name" value="josecanova" />
    <property name="datanucleus.ConnectionPassword" value="postgres123" />
    <property name="jpa.persistence.unit.musicbrainz" value="musicbrainz" />
    <property name="user.language" value="pt" />
    <property name="env.windows_tracing_flags" value="3" />
    <property name="sun.boot.library.path" value="C:\Java\jdk1.7.0_51\jre\bin" />
    <property name="ant.project.default-target" value="build" />
    <property name="ant.project.name" value="base" />
    <property name="java.version" value="1.7.0_51" />
    <property name="env.PROCESSOR_IDENTIFIER" value="AMD64 Family 21 Model 1 Stepping 2, AuthenticAMD" />
    <property name="user.timezone" value="" />
    <property name="env.TEMP" value="C:\Users\JOSECA~1\AppData\Local\Temp" />
    <property name="sun.arch.data.model" value="64" />
    <property name="musicbrainz.ConnectionURL" value="jdbc:postgresql://localhost/musicbrainz" />
    <property name="java.endorsed.dirs" value="C:\Java\jdk1.7.0_51\jre\lib\endorsed" />
    <property name="jpa.persistence.unit.instruments" value="instruments" />
    <property name="sun.cpu.isalist" value="amd64" />
    <property name="env.HOMEDRIVE" value="C:" />
    <property name="sun.jnu.encoding" value="Cp1252" />
    <property name="file.encoding.pkg" value="sun.io" />
    <property name="ECLIPSE_HOME" value="../../../../Java/eclipse-standard-luna-R-win32-x86_64/eclipse/" />
    <property name="file.separator" value="\" />
    <property name="java.specification.name" value="Java Platform API Specification" />
    <property name="instruments.ConnectionURL" value="jdbc:postgresql://localhost/instruments" />
    <property name="java.class.version" value="51.0" />
    <property name="user.country" value="BR" />
    <property name="java.home" value="C:\Java\jdk1.7.0_51\jre" />
    <property name="env.PSModulePath" value="C:\Windows\system32\WindowsPowerShell\v1.0\Modules\" />
    <property name="env.APPDATA" value="C:\Users\josecanova\AppData\Roaming" />
    <property name="env.PUBLIC" value="C:\Users\Public" />
    <property name="env.windows_tracing_logfile" value="C:\BVTBin\Tests\installpackage\csilogfile.log" />
    <property name="java.vm.info" value="mixed mode" />
    <property name="env.ComSpec" value="C:\Windows\system32\cmd.exe" />
    <property name="env.OS" value="Windows_NT" />
    <property name="env.CommonProgramFiles" value="C:\Program Files\Common Files" />
    <property name="ant.file" value="C:\Users\josecanova\workspace_luna\base\build.xml" />
    <property name="os.version" value="6.1" />
    <property name="datanucleus.ConnectionUserName" value="postgres" />
    <property name="env.ProgramW6432" value="C:\Program Files" />
    <property name="schema.output.file" value="C:\Users\josecanova\workspace_luna\base/musicbrainz_schema.ddl" />
    <property name="path.separator" value=";" />
    <property name="java.vm.version" value="24.51-b03" />
    <property name="env.USERPROFILE" value="C:\Users\josecanova" />
    <property name="user.variant" value="" />
    <property name="datanucleus.ConnectionURL" value="jdbc:postgresql://localhost/musicbrainz" />
    <property name="ant.library.dir" value="C:\Java\eclipse-standard-luna-R-win32-x86_64\eclipse\plugins\org.apache.ant_1.9.2.v201404171502\lib" />
    <property name="junit.output.dir" value="junit" />
    <property name="jpa.persistence.unit.atlas" value="atlas" />
    <property name="ant.file.base" value="C:\Users\josecanova\workspace_luna\base\build.xml" />
    <property name="env.JAVA_HOME" value="C:\Java\jdk1.7.0_51" />
    <property name="java.awt.printerjob" value="sun.awt.windows.WPrinterJob" />
    <property name="env.TMP" value="C:\Users\JOSECA~1\AppData\Local\Temp" />
    <property name="sun.io.unicode.encoding" value="UnicodeLittle" />
    <property name="ant.file.type.base" value="file" />
    <property name="awt.toolkit" value="sun.awt.windows.WToolkit" />
    <property name="user.script" value="" />
    <property name="eclipse.pdebuild.scripts" value="/C:/Java/eclipse-standard-luna-R-win32-x86_64/eclipse/plugins/org.eclipse.pde.build_3.9.0.v20140415-2029/scripts/" />
    <property name="target" value="1.7" />
    <property name="user.home" value="C:\Users\josecanova" />
    <property name="env.ProgramData" value="C:\ProgramData" />
    <property name="env.SESSIONNAME" value="Console" />
    <property name="env.ProgramFiles(x86)" value="C:\Program Files (x86)" />
    <property name="java.specification.vendor" value="Oracle Corporation" />
    <property name="env.VCToolkitInstallDir" value="C:\CPP\VCToolKit\" />
    <property name="jpa.persistence.unit.calendar" value="calendar" />
    <property name="java.library.path" value="C:\Java\jdk1.7.0_51\jre\bin;C:\Windows\Sun\Java\bin;C:\Windows\system32;C:\Windows;C:/Java/jdk1.7.0_51/bin/../jre/bin/server;C:/Java/jdk1.7.0_51/bin/../jre/bin;C:/Java/jdk1.7.0_51/bin/../jre/lib/amd64;C:\Program Files (x86)\NVIDIA Corporation\PhysX\Common;%CommonProgramFiles%\Microsoft Shared\Windows Live;C:\Java\jdk1.7.0_51\bin;C:\Windows\system32;C:\Windows;C:\Windows\System32\Wbem;C:\Windows\System32\WindowsPowerShell\v1.0\;C:\Java\apache-ant-1.9.0\bin;C:\Java\apache-maven-3.0.5\bin;C:\VisualSVN Server\bin;C:\Program Files (x86)\Autodesk\Backburner\;C:\Program Files (x86)\Common Files\Autodesk Shared\;C:\Program Files\TortoiseSVN\bin;C:\Program Files\Microsoft\Web Platform Installer\;C:\Program Files (x86)\Microsoft ASP.NET\ASP.NET Web Pages\v1.0\;C:\Program Files\Microsoft SQL Server\110\Tools\Binn\;C:\Program Files\Common Files\Microsoft Shared\Windows Live;C:\Program Files (x86)\Nmap;C:\Java\eclipse-standard-luna-R-win32-x86_64\eclipse;;." />
    <property name="env.NUMBER_OF_PROCESSORS" value="8" />
    <property name="java.vendor.url" value="http://java.oracle.com/" />
    <property name="java.vm.vendor" value="Oracle Corporation" />
    <property name="java.runtime.name" value="Java(TM) SE Runtime Environment" />
    <property name="ant.version" value="Apache Ant(TM) version 1.9.2 compiled on July 8 2013" />
    <property name="java.class.path" value="C:\Users\josecanova\workspace_luna\base\target\classes;C:\Users\josecanova\workspace_luna\base\target\test-classes;C:\Users\josecanova\.m2\repository\org\postgresql\postgresql\9.3-1101-jdbc4\postgresql-9.3-1101-jdbc4.jar;C:\Users\josecanova\.m2\repository\javax\servlet\servlet-api\2.5\servlet-api-2.5.jar;C:\Users\josecanova\.m2\repository\jstl\jstl\1.2\jstl-1.2.jar;C:\Users\josecanova\.m2\repository\junit\junit\4.9\junit-4.9.jar;C:\Users\josecanova\.m2\repository\org\hamcrest\hamcrest-core\1.1\hamcrest-core-1.1.jar;C:\Users\josecanova\.m2\repository\org\mockito\mockito-all\1.9.0\mockito-all-1.9.0.jar;C:\Users\josecanova\.m2\repository\javax\javaee-api\7.0\javaee-api-7.0.jar;C:\Users\josecanova\.m2\repository\com\sun\mail\javax.mail\1.5.0\javax.mail-1.5.0.jar;C:\Users\josecanova\.m2\repository\javax\activation\activation\1.1\activation-1.1.jar;C:\Users\josecanova\.m2\repository\javax\jdo\jdo-api\3.1-rc1\jdo-api-3.1-rc1.jar;C:\Users\josecanova\.m2\repository\javax\transaction\transaction-api\1.1\transaction-api-1.1.jar;C:\Users\josecanova\.m2\repository\org\eclipse\persistence\javax.persistence\2.1.0\javax.persistence-2.1.0.jar;C:\Users\josecanova\.m2\repository\org\datanucleus\datanucleus-core\3.2.13\datanucleus-core-3.2.13.jar;C:\Users\josecanova\.m2\repository\org\datanucleus\datanucleus-api-jpa\3.3.7\datanucleus-api-jpa-3.3.7.jar;C:\Users\josecanova\.m2\repository\org\datanucleus\datanucleus-jpa-query\3.0.3\datanucleus-jpa-query-3.0.3.jar;C:\Users\josecanova\.m2\repository\org\datanucleus\datanucleus-rdbms\3.2.12\datanucleus-rdbms-3.2.12.jar;C:\Users\josecanova\.m2\repository\org\datanucleus\datanucleus-maven-plugin\4.0.0-release\datanucleus-maven-plugin-4.0.0-release.jar;C:\Users\josecanova\.m2\repository\org\codehaus\plexus\plexus-utils\3.0.8\plexus-utils-3.0.8.jar;C:\Users\josecanova\.m2\repository\org\apache\maven\maven-artifact\3.0.4\maven-artifact-3.0.4.jar;C:\Users\josecanova\.m2\repository\org\apache\maven\maven-plugin-api\3.0.4\maven-plugin-api-3.0.4.jar;C:\Users\josecanova\.m2\repository\org\apache\maven\maven-model\3.0.4\maven-model-3.0.4.jar;C:\Users\josecanova\.m2\repository\org\sonatype\sisu\sisu-inject-plexus\2.3.0\sisu-inject-plexus-2.3.0.jar;C:\Users\josecanova\.m2\repository\org\codehaus\plexus\plexus-component-annotations\1.5.5\plexus-component-annotations-1.5.5.jar;C:\Users\josecanova\.m2\repository\org\sonatype\sisu\sisu-inject-bean\2.3.0\sisu-inject-bean-2.3.0.jar;C:\Users\josecanova\.m2\repository\org\sonatype\sisu\sisu-guice\3.1.0\sisu-guice-3.1.0-no_aop.jar;C:\Users\josecanova\.m2\repository\org\sonatype\sisu\sisu-guava\0.9.9\sisu-guava-0.9.9.jar;C:\Users\josecanova\.m2\repository\org\sonatype\sisu\inject\guice-bean-containers\2.3.0\guice-bean-containers-2.3.0.jar;C:\Users\josecanova\.m2\repository\org\sonatype\sisu\inject\guice-bean-inject\2.3.0\guice-bean-inject-2.3.0.jar;C:\Users\josecanova\.m2\repository\org\sonatype\sisu\inject\guice-plexus-shim\2.3.0\guice-plexus-shim-2.3.0.jar;C:\Users\josecanova\.m2\repository\javax\inject\javax.inject\1\javax.inject-1.jar;C:\Users\josecanova\.m2\repository\org\sonatype\sisu\sisu-guice\3.1.0\sisu-guice-3.1.0.jar;C:\Users\josecanova\.m2\repository\aopalliance\aopalliance\1.0\aopalliance-1.0.jar;C:\Users\josecanova\.m2\repository\org\sonatype\sisu\inject\guice-bean-reflect\2.3.0\guice-bean-reflect-2.3.0.jar;C:\Users\josecanova\.m2\repository\org\sonatype\sisu\inject\guice-bean-locators\2.3.0\guice-bean-locators-2.3.0.jar;C:\Users\josecanova\.m2\repository\org\sonatype\sisu\inject\guice-bean-binders\2.3.0\guice-bean-binders-2.3.0.jar;C:\Users\josecanova\.m2\repository\javax\enterprise\cdi-api\1.0\cdi-api-1.0.jar;C:\Users\josecanova\.m2\repository\javax\annotation\jsr250-api\1.0\jsr250-api-1.0.jar;C:\Users\josecanova\.m2\repository\org\sonatype\sisu\inject\guice-bean-scanners\2.3.0\guice-bean-scanners-2.3.0.jar;C:\Users\josecanova\.m2\repository\org\sonatype\sisu\inject\guice-bean-converters\2.3.0\guice-bean-converters-2.3.0.jar;C:\Users\josecanova\.m2\repository\org\sonatype\sisu\inject\guice-plexus-metadata\2.3.0\guice-plexus-metadata-2.3.0.jar;C:\Users\josecanova\.m2\repository\org\sonatype\sisu\inject\guice-plexus-converters\2.3.0\guice-plexus-converters-2.3.0.jar;C:\Users\josecanova\.m2\repository\org\sonatype\sisu\inject\guice-plexus-locators\2.3.0\guice-plexus-locators-2.3.0.jar;C:\Users\josecanova\.m2\repository\org\sonatype\sisu\inject\guice-plexus-binders\2.3.0\guice-plexus-binders-2.3.0.jar;C:\Users\josecanova\.m2\repository\org\sonatype\sisu\inject\guice-plexus-scanners\2.3.0\guice-plexus-scanners-2.3.0.jar;C:\Users\josecanova\.m2\repository\org\sonatype\sisu\inject\guice-plexus-lifecycles\2.3.0\guice-plexus-lifecycles-2.3.0.jar;C:\Users\josecanova\.m2\repository\org\codehaus\plexus\plexus-container-default\1.5.5\plexus-container-default-1.5.5.jar;C:\Users\josecanova\.m2\repository\org\codehaus\plexus\plexus-classworlds\2.2.2\plexus-classworlds-2.2.2.jar;C:\Users\josecanova\.m2\repository\org\apache\xbean\xbean-reflect\3.4\xbean-reflect-3.4.jar;C:\Users\josecanova\.m2\repository\log4j\log4j\1.2.12\log4j-1.2.12.jar;C:\Users\josecanova\.m2\repository\commons-logging\commons-logging-api\1.1\commons-logging-api-1.1.jar;C:\Users\josecanova\.m2\repository\com\google\collections\google-collections\1.0\google-collections-1.0.jar;C:\Users\josecanova\.m2\repository\org\datanucleus\javax.persistence\2.1.0\javax.persistence-2.1.0.jar;C:\Users\josecanova\.m2\repository\org\hibernate\hibernate-validator\5.1.2.Final\hibernate-validator-5.1.2.Final.jar;C:\Users\josecanova\.m2\repository\javax\validation\validation-api\1.1.0.Final\validation-api-1.1.0.Final.jar;C:\Users\josecanova\.m2\repository\org\jboss\logging\jboss-logging\3.1.3.GA\jboss-logging-3.1.3.GA.jar;C:\Users\josecanova\.m2\repository\com\fasterxml\classmate\1.0.0\classmate-1.0.0.jar;C:\Java\eclipse-standard-luna-R-win32-x86_64\eclipse\plugins\org.apache.ant_1.9.2.v201404171502\lib\ant-launcher.jar;C:\Java\eclipse-standard-luna-R-win32-x86_64\eclipse\plugins\org.apache.ant_1.9.2.v201404171502\lib\ant.jar;C:\Java\eclipse-standard-luna-R-win32-x86_64\eclipse\plugins\org.apache.ant_1.9.2.v201404171502\lib\ant-junit.jar;C:\Java\eclipse-standard-luna-R-win32-x86_64\eclipse\plugins\org.apache.ant_1.9.2.v201404171502\lib\ant-junit4.jar" />
    <property name="sun.java.command" value="org.apache.tools.ant.taskdefs.optional.junit.JUnitTestRunner test.org.nanotek.datanucleus.persistence.dao.JPATestDAO filtertrace=true haltOnError=false haltOnFailure=false formatter=org.apache.tools.ant.taskdefs.optional.junit.OutErrSummaryJUnitResultFormatter showoutput=false outputtoformatters=true logfailedtests=true logtestlistenerevents=false formatter=org.apache.tools.ant.taskdefs.optional.junit.XMLJUnitResultFormatter,C:\Users\josecanova\workspace_luna\base\junit\TEST-test.org.nanotek.datanucleus.persistence.dao.JPATestDAO.xml crashfile=C:\Users\josecanova\workspace_luna\base\junitvmwatcher6402960590213489349.properties propsfile=C:\Users\josecanova\workspace_luna\base\junit7620857715812268261.properties" />
    <property name="calendar.ConnectionURL" value="jdbc:postgresql://localhost/calendar" />
    <property name="java.vm.specification.name" value="Java Virtual Machine Specification" />
    <property name="env.windir" value="C:\Windows" />
    <property name="env.LOGONSERVER" value="\\JOSECANOVA-PC" />
    <property name="env.PROCESSOR_ARCHITECTURE" value="AMD64" />
    <property name="java.vm.specification.version" value="1.7" />
    <property name="sun.os.patch.level" value="Service Pack 1" />
    <property name="sun.cpu.endian" value="little" />
    <property name="debuglevel" value="source,lines,vars" />
    <property name="env.ProgramFiles" value="C:\Program Files" />
    <property name="env.ANT_HOME" value="C:\Java\eclipse-standard-luna-R-win32-x86_64\eclipse\plugins\org.apache.ant_1.9.2.v201404171502" />
    <property name="env.PROCESSOR_REVISION" value="0102" />
    <property name="eclipse.pdebuild.home" value="/C:/Java/eclipse-standard-luna-R-win32-x86_64/eclipse/plugins/org.eclipse.pde.build_3.9.0.v20140415-2029/./" />
    <property name="java.io.tmpdir" value="C:\Users\JOSECA~1\AppData\Local\Temp\" />
    <property name="env.CommonProgramFiles(x86)" value="C:\Program Files (x86)\Common Files" />
    <property name="java.vendor.url.bug" value="http://bugreport.sun.com/bugreport/" />
    <property name="env.SystemRoot" value="C:\Windows" />
    <property name="java.awt.graphicsenv" value="sun.awt.Win32GraphicsEnvironment" />
    <property name="os.arch" value="amd64" />
    <property name="java.ext.dirs" value="C:\Java\jdk1.7.0_51\jre\lib\ext;C:\Windows\Sun\Java\lib\ext" />
    <property name="user.dir" value="C:\Users\josecanova\workspace_luna\base" />
    <property name="env.LOCALAPPDATA" value="C:\Users\josecanova\AppData\Local" />
    <property name="current.jpa.target" value="musicbrainz" />
    <property name="line.separator" value="&#xd;&#xa;" />
    <property name="java.vm.name" value="Java HotSpot(TM) 64-Bit Server VM" />
    <property name="env.PATHEXT" value=".COM;.EXE;.BAT;.CMD;.VBS;.VBE;.JS;.JSE;.WSF;.WSH;.MSC" />
    <property name="env.Path" value="C:/Java/jdk1.7.0_51/bin/../jre/bin/server;C:/Java/jdk1.7.0_51/bin/../jre/bin;C:/Java/jdk1.7.0_51/bin/../jre/lib/amd64;C:\Program Files (x86)\NVIDIA Corporation\PhysX\Common;%CommonProgramFiles%\Microsoft Shared\Windows Live;C:\Java\jdk1.7.0_51\bin;C:\Windows\system32;C:\Windows;C:\Windows\System32\Wbem;C:\Windows\System32\WindowsPowerShell\v1.0\;C:\Java\apache-ant-1.9.0\bin;C:\Java\apache-maven-3.0.5\bin;C:\VisualSVN Server\bin;C:\Program Files (x86)\Autodesk\Backburner\;C:\Program Files (x86)\Common Files\Autodesk Shared\;C:\Program Files\TortoiseSVN\bin;C:\Program Files\Microsoft\Web Platform Installer\;C:\Program Files (x86)\Microsoft ASP.NET\ASP.NET Web Pages\v1.0\;C:\Program Files\Microsoft SQL Server\110\Tools\Binn\;C:\Program Files\Common Files\Microsoft Shared\Windows Live;C:\Program Files (x86)\Nmap;C:\Java\eclipse-standard-luna-R-win32-x86_64\eclipse;" />
    <property name="atlas.ConnectionURL" value="jdbc:postgresql://localhost/atlas" />
    <property name="basedir" value="C:\Users\josecanova\workspace_luna\base" />
    <property name="env.VISUALSVN_SERVER" value="C:\VisualSVN Server\" />
    <property name="ant.java.version" value="1.7" />
    <property name="ant.core.lib" value="C:\Java\eclipse-standard-luna-R-win32-x86_64\eclipse\plugins\org.apache.ant_1.9.2.v201404171502\lib\ant.jar" />
    <property name="env.USERNAME" value="josecanova" />
    <property name="env.SystemDrive" value="C:" />
    <property name="source" value="1.7" />
    <property name="file.encoding" value="Cp1252" />
    <property name="env.VS100COMNTOOLS" value="C:\Program Files (x86)\Microsoft Visual Studio 10.0\Common7\Tools\" />
    <property name="env.USERDOMAIN" value="josecanova-PC" />
    <property name="java.specification.version" value="1.7" />
    <property name="ant.project.invoked-targets" value="JPATestDAO" />
    <property name="env.PROCESSOR_LEVEL" value="21" />
  </properties>
  <testcase classname="test.org.nanotek.datanucleus.persistence.dao.JPATestDAO" name="test" time="1.303" />
  <system-out><![CDATA[0    [main] DEBUG DataNucleus.General  - Using PluginRegistry org.datanucleus.plugin.NonManagedPluginRegistry
15   [main] DEBUG DataNucleus.General  - Registering bundle org.datanucleus.jpa.query version 3.0.3 at URL file:/C:/Users/josecanova/.m2/repository/org/datanucleus/datanucleus-jpa-query/3.0.3/datanucleus-jpa-query-3.0.3.jar.
22   [main] DEBUG DataNucleus.General  - Loading extension points from plug-in file jar:file:/C:/Users/josecanova/.m2/repository/org/datanucleus/datanucleus-jpa-query/3.0.3/datanucleus-jpa-query-3.0.3.jar!/plugin.xml.
23   [main] DEBUG DataNucleus.General  - Loading extensions from plug-in file jar:file:/C:/Users/josecanova/.m2/repository/org/datanucleus/datanucleus-jpa-query/3.0.3/datanucleus-jpa-query-3.0.3.jar!/plugin.xml.
24   [main] DEBUG DataNucleus.General  - Registering bundle org.datanucleus version 3.2.13 at URL file:/C:/Users/josecanova/.m2/repository/org/datanucleus/datanucleus-core/3.2.13/datanucleus-core-3.2.13.jar.
50   [main] DEBUG DataNucleus.General  - Loading extension points from plug-in file jar:file:/C:/Users/josecanova/.m2/repository/org/datanucleus/datanucleus-core/3.2.13/datanucleus-core-3.2.13.jar!/plugin.xml.
90   [main] DEBUG DataNucleus.General  - Loading extensions from plug-in file jar:file:/C:/Users/josecanova/.m2/repository/org/datanucleus/datanucleus-core/3.2.13/datanucleus-core-3.2.13.jar!/plugin.xml.
98   [main] DEBUG DataNucleus.General  - Registering bundle org.datanucleus.api.jpa version 3.3.7 at URL file:/C:/Users/josecanova/.m2/repository/org/datanucleus/datanucleus-api-jpa/3.3.7/datanucleus-api-jpa-3.3.7.jar.
102  [main] DEBUG DataNucleus.General  - Loading extension points from plug-in file jar:file:/C:/Users/josecanova/.m2/repository/org/datanucleus/datanucleus-api-jpa/3.3.7/datanucleus-api-jpa-3.3.7.jar!/plugin.xml.
104  [main] DEBUG DataNucleus.General  - Loading extensions from plug-in file jar:file:/C:/Users/josecanova/.m2/repository/org/datanucleus/datanucleus-api-jpa/3.3.7/datanucleus-api-jpa-3.3.7.jar!/plugin.xml.
107  [main] DEBUG DataNucleus.General  - Registering bundle org.sonatype.inject version 2.3.0 at URL file:/C:/Users/josecanova/.m2/repository/org/sonatype/sisu/sisu-inject-bean/2.3.0/sisu-inject-bean-2.3.0.jar.
108  [main] DEBUG DataNucleus.General  - Loading extension points from plug-in file jar:file:/C:/Users/josecanova/.m2/repository/org/sonatype/sisu/sisu-inject-bean/2.3.0/sisu-inject-bean-2.3.0.jar!/plugin.xml.
108  [main] DEBUG DataNucleus.General  - Loading extensions from plug-in file jar:file:/C:/Users/josecanova/.m2/repository/org/sonatype/sisu/sisu-inject-bean/2.3.0/sisu-inject-bean-2.3.0.jar!/plugin.xml.
109  [main] DEBUG DataNucleus.General  - Registering bundle org.datanucleus.store.rdbms version 3.2.12 at URL file:/C:/Users/josecanova/.m2/repository/org/datanucleus/datanucleus-rdbms/3.2.12/datanucleus-rdbms-3.2.12.jar.
143  [main] DEBUG DataNucleus.General  - Loading extension points from plug-in file jar:file:/C:/Users/josecanova/.m2/repository/org/datanucleus/datanucleus-rdbms/3.2.12/datanucleus-rdbms-3.2.12.jar!/plugin.xml.
167  [main] DEBUG DataNucleus.General  - Loading extensions from plug-in file jar:file:/C:/Users/josecanova/.m2/repository/org/datanucleus/datanucleus-rdbms/3.2.12/datanucleus-rdbms-3.2.12.jar!/plugin.xml.
194  [main] DEBUG DataNucleus.MetaData  - Parsing MetaData file "file:/C:/Users/josecanova/workspace_luna/base/target/classes/META-INF/persistence.xml" using handler "persistence" (validation="false")
240  [main] DEBUG DataNucleus.Persistence  - Java types support initialising ...
245  [main] DEBUG DataNucleus.Persistence  - Not enabling java type support for javax.time.calendar.LocalDate : java type not present in CLASSPATH
245  [main] DEBUG DataNucleus.Persistence  - Not enabling java type support for javax.time.calendar.LocalDateTime : java type not present in CLASSPATH
246  [main] DEBUG DataNucleus.Persistence  - Not enabling java type support for javax.time.calendar.LocalTime : java type not present in CLASSPATH
279  [main] DEBUG DataNucleus.Persistence  - Java types support loaded : supported java types=java.util.TimeZone, [Ljava.lang.Byte;, [Ljava.lang.Integer;, java.util.SortedMap, char, java.lang.Boolean, [Ljava.lang.Boolean;, java.lang.Long, java.sql.Timestamp, [Ljava.lang.Double;, java.lang.Float, long, float, java.util.BitSet, java.util.Stack, java.math.BigInteger, java.lang.Double, java.util.Vector, byte, java.util.Locale, java.lang.Class, [Ljava.lang.Long;, java.sql.Time, boolean, [Ljava.lang.Short;, java.util.LinkedList, java.util.PriorityQueue, [Ljava.lang.Enum;, java.util.List, int, java.util.TreeMap, java.lang.Integer, java.lang.Short, double, java.lang.Number, java.util.LinkedHashMap, java.sql.Date, [Ljava.util.Locale;, java.util.Arrays$ArrayList, java.lang.Byte, java.util.UUID, [Ljava.lang.String;, [Ljava.util.Date;, java.util.Currency, java.util.Properties, java.util.Calendar, java.util.Map, java.awt.Color, java.lang.StringBuilder, java.util.HashMap, [Ljava.lang.Character;, short, java.util.GregorianCalendar, java.util.TreeSet, java.lang.Character, java.util.SortedSet, java.util.Set, java.util.Collection, java.util.ArrayList, java.lang.StringBuffer, [Ljava.math.BigDecimal;, [B, java.util.Hashtable, [F, java.lang.String, java.net.URI, [C, java.awt.image.BufferedImage, [D, java.util.Date, [I, [J, [Ljava.lang.Number;, [Ljava.lang.Float;, [Ljava.math.BigInteger;, java.net.URL, java.util.HashSet, java.math.BigDecimal, [S, [Z, java.util.Queue, java.lang.Enum, java.util.LinkedHashSet
280  [main] DEBUG DataNucleus.Persistence  - Type converter support initialising ...
281  [main] DEBUG DataNucleus.Persistence  - Added converter for java.math.BigDecimal<->java.lang.String using org.datanucleus.store.types.converters.BigDecimalStringConverter
282  [main] DEBUG DataNucleus.Persistence  - Added converter for java.math.BigInteger<->java.lang.String using org.datanucleus.store.types.converters.BigIntegerStringConverter
283  [main] DEBUG DataNucleus.Persistence  - Added converter for java.util.BitSet<->java.lang.String using org.datanucleus.store.types.converters.BitSetStringConverter
284  [main] DEBUG DataNucleus.Persistence  - Added converter for java.util.Calendar<->java.lang.String using org.datanucleus.store.types.converters.CalendarStringConverter
284  [main] DEBUG DataNucleus.Persistence  - Added converter for java.lang.Class<->java.lang.String using org.datanucleus.store.types.converters.ClassStringConverter
285  [main] DEBUG DataNucleus.Persistence  - Added converter for java.awt.Color<->java.lang.String using org.datanucleus.store.types.converters.ColorStringConverter
286  [main] DEBUG DataNucleus.Persistence  - Added converter for java.lang.Integer<->java.lang.String using org.datanucleus.store.types.converters.IntegerStringConverter
286  [main] DEBUG DataNucleus.Persistence  - Added converter for java.lang.Long<->java.lang.String using org.datanucleus.store.types.converters.LongStringConverter
287  [main] DEBUG DataNucleus.Persistence  - Added converter for java.util.Currency<->java.lang.String using org.datanucleus.store.types.converters.CurrencyStringConverter
287  [main] DEBUG DataNucleus.Persistence  - Added converter for java.util.Date<->java.lang.Long using org.datanucleus.store.types.converters.DateLongConverter
288  [main] DEBUG DataNucleus.Persistence  - Added converter for java.util.Date<->java.lang.String using org.datanucleus.store.types.converters.DateStringConverter
289  [main] DEBUG DataNucleus.Persistence  - Added converter for java.util.Locale<->java.lang.String using org.datanucleus.store.types.converters.LocaleStringConverter
289  [main] DEBUG DataNucleus.Persistence  - Added converter for java.sql.Date<->java.lang.Long using org.datanucleus.store.types.converters.SqlDateLongConverter
290  [main] DEBUG DataNucleus.Persistence  - Added converter for java.sql.Date<->java.lang.String using org.datanucleus.store.types.converters.SqlDateStringConverter
291  [main] DEBUG DataNucleus.Persistence  - Added converter for java.sql.Time<->java.lang.Long using org.datanucleus.store.types.converters.SqlTimeLongConverter
291  [main] DEBUG DataNucleus.Persistence  - Added converter for java.sql.Time<->java.lang.String using org.datanucleus.store.types.converters.SqlTimeStringConverter
292  [main] DEBUG DataNucleus.Persistence  - Added converter for java.sql.Timestamp<->java.lang.Long using org.datanucleus.store.types.converters.SqlTimestampLongConverter
292  [main] DEBUG DataNucleus.Persistence  - Added converter for java.lang.StringBuffer<->java.lang.String using org.datanucleus.store.types.converters.StringBufferStringConverter
293  [main] DEBUG DataNucleus.Persistence  - Added converter for java.lang.StringBuilder<->java.lang.String using org.datanucleus.store.types.converters.StringBuilderStringConverter
293  [main] DEBUG DataNucleus.Persistence  - Added converter for java.util.TimeZone<->java.lang.String using org.datanucleus.store.types.converters.TimeZoneStringConverter
294  [main] DEBUG DataNucleus.Persistence  - Added converter for java.net.URI<->java.lang.String using org.datanucleus.store.types.converters.URIStringConverter
294  [main] DEBUG DataNucleus.Persistence  - Added converter for java.net.URL<->java.lang.String using org.datanucleus.store.types.converters.URLStringConverter
295  [main] DEBUG DataNucleus.Persistence  - Added converter for java.util.UUID<->java.lang.String using org.datanucleus.store.types.converters.UUIDStringConverter
296  [main] DEBUG DataNucleus.Persistence  - TypeConverter for javax.time.calendar.LocalDate<->java.lang.String ignored since java type not present in CLASSPATH
297  [main] DEBUG DataNucleus.Persistence  - TypeConverter for javax.time.calendar.LocalTime<->java.lang.String ignored since java type not present in CLASSPATH
298  [main] DEBUG DataNucleus.Persistence  - TypeConverter for javax.time.calendar.LocalTime<->java.lang.Long ignored since java type not present in CLASSPATH
298  [main] DEBUG DataNucleus.Persistence  - TypeConverter for javax.time.calendar.LocalDateTime<->java.lang.String ignored since java type not present in CLASSPATH
299  [main] DEBUG DataNucleus.Persistence  - Added converter for java.io.Serializable<->java.lang.String using org.datanucleus.store.types.converters.SerializableStringConverter
300  [main] DEBUG DataNucleus.Persistence  - Added converter for java.io.Serializable<->[B using org.datanucleus.store.types.converters.SerializableByteArrayConverter
300  [main] DEBUG DataNucleus.Persistence  - Type converter support loaded
300  [main] DEBUG DataNucleus.MetaData  - MetaDataManager : Input=(XML,Annotations), XML-Validation=false
300  [main] DEBUG DataNucleus.MetaData  - MetaData Management : Loading Metadata for persistence-unit "musicbrainz" ...
301  [main] DEBUG DataNucleus.MetaData  - Not found any metadata mapping files for resource name META-INF/orm.xml in CLASSPATH
363  [main] DEBUG DataNucleus.MetaData  - Class "org.nanotek.base.StringBase" has been specified with JPA annotations so using those.
382  [main] DEBUG DataNucleus.MetaData  - Class "org.nanotek.base.music.Record" has been specified with JPA annotations so using those.
385  [main] DEBUG DataNucleus.MetaData  - Class "org.nanotek.base.BirthDateBase" has been specified with JPA annotations so using those.
388  [main] DEBUG DataNucleus.MetaData  - Class "org.nanotek.base.artist.Artist" has been specified with JPA annotations so using those.
395  [main] DEBUG DataNucleus.MetaData  - Class "org.nanotek.base.LongBase" has been specified with JPA annotations so using those.
403  [main] DEBUG DataNucleus.MetaData  - Class "org.nanotek.base.music.gender.MusicalGender" has been specified with JPA annotations so using those.
404  [main] DEBUG DataNucleus.MetaData  - Class "org.nanotek.base.AbstractBase" has been specified with JPA annotations so using those.
405  [main] DEBUG DataNucleus.MetaData  - Class "org.nanotek.base.Name" has been specified with JPA annotations so using those.
410  [main] DEBUG DataNucleus.MetaData  - Class "org.nanotek.base.Work" has been specified with JPA annotations so using those.
417  [main] DEBUG DataNucleus.MetaData  - Class "org.nanotek.base.artist.work.Author" has been specified with JPA annotations so using those.
418  [main] DEBUG DataNucleus.MetaData  - Populating all MetaData ...
418  [main] DEBUG DataNucleus.MetaData  - Class "org.nanotek.base.StringBase" : Populating Meta-Data
419  [main] DEBUG DataNucleus.MetaData  - Class "org.nanotek.base.LongBase" : Populating Meta-Data
421  [main] DEBUG DataNucleus.MetaData  - Class "org.nanotek.base.music.Record" : Populating Meta-Data
421  [main] DEBUG DataNucleus.MetaData  - Class "org.nanotek.base.music.Record" field "participants" : Adding Meta-Data for field since it didnt appear in the Meta-Data definition.
421  [main] DEBUG DataNucleus.MetaData  - Class "org.nanotek.base.music.Record" field "attributes" : Adding Meta-Data for field since it didnt appear in the Meta-Data definition.
423  [main] DEBUG DataNucleus.MetaData  - Registering class "org.nanotek.Base" as not having MetaData.
423  [main] DEBUG DataNucleus.MetaData  - Class "org.nanotek.base.BirthDateBase" : Populating Meta-Data
423  [main] DEBUG DataNucleus.MetaData  - Class "org.nanotek.base.artist.Artist" : Populating Meta-Data
424  [main] DEBUG DataNucleus.MetaData  - Class "org.nanotek.base.artist.Artist" field "nickNames" : Adding Meta-Data for field since it didnt appear in the Meta-Data definition.
424  [main] DEBUG DataNucleus.MetaData  - Class "org.nanotek.base.music.gender.MusicalGender" : Populating Meta-Data
425  [main] DEBUG DataNucleus.MetaData  - Class "org.nanotek.base.AbstractBase" : Populating Meta-Data
425  [main] DEBUG DataNucleus.MetaData  - Class "org.nanotek.base.Name" : Populating Meta-Data
426  [main] DEBUG DataNucleus.MetaData  - Class "org.nanotek.base.Work" : Populating Meta-Data
426  [main] DEBUG DataNucleus.Persistence  - Java type org.nanotek.base.WorkType using the support for java.lang.Enum
426  [main] DEBUG DataNucleus.MetaData  - Registering class "org.nanotek.base.WorkType" as not having MetaData.
426  [main] DEBUG DataNucleus.MetaData  - Class "org.nanotek.base.artist.work.Author" : Populating Meta-Data
427  [main] DEBUG DataNucleus.MetaData  - Initialising all MetaData ...
427  [main] DEBUG DataNucleus.MetaData  - Class "org.nanotek.base.LongBase" : Initialising Meta-Data
430  [main] DEBUG DataNucleus.MetaData  - Class "org.nanotek.base.StringBase" : Initialising Meta-Data
430  [main] DEBUG DataNucleus.MetaData  - Class "org.nanotek.base.music.Record" : Initialising Meta-Data
430  [main] DEBUG DataNucleus.MetaData  - Class "org.nanotek.base.BirthDateBase" : Initialising Meta-Data
430  [main] DEBUG DataNucleus.MetaData  - Class "org.nanotek.base.artist.Artist" : Initialising Meta-Data
430  [main] DEBUG DataNucleus.MetaData  - Class "org.nanotek.base.music.gender.MusicalGender" : Initialising Meta-Data
430  [main] DEBUG DataNucleus.MetaData  - Class "org.nanotek.base.AbstractBase" : Initialising Meta-Data
430  [main] DEBUG DataNucleus.MetaData  - Class "org.nanotek.base.Name" : Initialising Meta-Data
430  [main] DEBUG DataNucleus.MetaData  - Class "org.nanotek.base.Work" : Initialising Meta-Data
431  [main] DEBUG DataNucleus.MetaData  - Class "org.nanotek.base.artist.work.Author" : Initialising Meta-Data
431  [main] DEBUG DataNucleus.MetaData  - MetaData Management : Load of Metadata complete
431  [main] DEBUG DataNucleus.Datastore  - Creating StoreManager for datastore
478  [main] DEBUG DataNucleus.Connection  - Created tx data source using pooling type of dbcp-builtin
478  [main] DEBUG DataNucleus.Connection  - Registered transactional connection factory under name "rdbms/tx"
478  [main] DEBUG DataNucleus.Connection  - Registered nontransactional connection factory under name "rdbms/nontx"
515  [main] DEBUG DataNucleus.Connection  - Created nontx data source using pooling type of dbcp-builtin
583  [main] DEBUG DataNucleus.Connection  - Connection "org.datanucleus.store.rdbms.datasource.dbcp.PoolingDataSource$PoolGuardConnectionWrapper@45d58963" opened
631  [main] DEBUG DataNucleus.Datastore  - Adding RDBMS support for Java type java.lang.Boolean (jdbc-type=BIT, sql-type=BIT, datastore-mapping-type=org.datanucleus.store.rdbms.mapping.datastore.BitRDBMSMapping, default=true)
631  [main] DEBUG DataNucleus.Datastore  - Adding RDBMS support for Java type java.lang.Boolean (jdbc-type=CHAR, sql-type=CHAR, datastore-mapping-type=org.datanucleus.store.rdbms.mapping.datastore.CharRDBMSMapping, default=false)
632  [main] DEBUG DataNucleus.Datastore  - Adding RDBMS support for Java type java.lang.Boolean (jdbc-type=BOOLEAN, sql-type=BOOLEAN, datastore-mapping-type=org.datanucleus.store.rdbms.mapping.datastore.BooleanRDBMSMapping, default=false)
633  [main] DEBUG DataNucleus.Datastore  - Adding RDBMS support for Java type java.lang.Boolean (jdbc-type=SMALLINT, sql-type=SMALLINT, datastore-mapping-type=org.datanucleus.store.rdbms.mapping.datastore.SmallIntRDBMSMapping, default=false)
634  [main] DEBUG DataNucleus.Datastore  - Adding RDBMS support for Java type java.lang.Byte (jdbc-type=SMALLINT, sql-type=SMALLINT, datastore-mapping-type=org.datanucleus.store.rdbms.mapping.datastore.SmallIntRDBMSMapping, default=false)
634  [main] DEBUG DataNucleus.Datastore  - Adding RDBMS support for Java type java.lang.Character (jdbc-type=CHAR, sql-type=CHAR, datastore-mapping-type=org.datanucleus.store.rdbms.mapping.datastore.CharRDBMSMapping, default=true)
634  [main] DEBUG DataNucleus.Datastore  - Adding RDBMS support for Java type java.lang.Character (jdbc-type=INTEGER, sql-type=INTEGER, datastore-mapping-type=org.datanucleus.store.rdbms.mapping.datastore.IntegerRDBMSMapping, default=false)
635  [main] DEBUG DataNucleus.Datastore  - Adding RDBMS support for Java type java.lang.Double (jdbc-type=DOUBLE, sql-type=DOUBLE, datastore-mapping-type=org.datanucleus.store.rdbms.mapping.datastore.DoubleRDBMSMapping, default=true)
636  [main] DEBUG DataNucleus.Datastore  - Adding RDBMS support for Java type java.lang.Float (jdbc-type=DOUBLE, sql-type=DOUBLE, datastore-mapping-type=org.datanucleus.store.rdbms.mapping.datastore.DoubleRDBMSMapping, default=false)
637  [main] DEBUG DataNucleus.Datastore  - Adding RDBMS support for Java type java.lang.Float (jdbc-type=REAL, sql-type=REAL, datastore-mapping-type=org.datanucleus.store.rdbms.mapping.datastore.RealRDBMSMapping, default=false)
637  [main] DEBUG DataNucleus.Datastore  - Adding RDBMS support for Java type java.lang.Integer (jdbc-type=INTEGER, sql-type=INTEGER, datastore-mapping-type=org.datanucleus.store.rdbms.mapping.datastore.IntegerRDBMSMapping, default=true)
638  [main] DEBUG DataNucleus.Datastore  - Adding RDBMS support for Java type java.lang.Integer (jdbc-type=BIGINT, sql-type=BIGINT, datastore-mapping-type=org.datanucleus.store.rdbms.mapping.datastore.BigIntRDBMSMapping, default=false)
638  [main] DEBUG DataNucleus.Datastore  - Adding RDBMS support for Java type java.lang.Integer (jdbc-type=NUMERIC, sql-type=NUMERIC, datastore-mapping-type=org.datanucleus.store.rdbms.mapping.datastore.NumericRDBMSMapping, default=false)
638  [main] DEBUG DataNucleus.Datastore  - Adding RDBMS support for Java type java.lang.Integer (jdbc-type=SMALLINT, sql-type=SMALLINT, datastore-mapping-type=org.datanucleus.store.rdbms.mapping.datastore.SmallIntRDBMSMapping, default=false)
638  [main] DEBUG DataNucleus.Datastore  - Adding RDBMS support for Java type java.lang.Long (jdbc-type=BIGINT, sql-type=BIGINT, datastore-mapping-type=org.datanucleus.store.rdbms.mapping.datastore.BigIntRDBMSMapping, default=true)
638  [main] DEBUG DataNucleus.Datastore  - Adding RDBMS support for Java type java.lang.Long (jdbc-type=INTEGER, sql-type=INT, datastore-mapping-type=org.datanucleus.store.rdbms.mapping.datastore.IntegerRDBMSMapping, default=false)
638  [main] DEBUG DataNucleus.Datastore  - Adding RDBMS support for Java type java.lang.Long (jdbc-type=NUMERIC, sql-type=NUMERIC, datastore-mapping-type=org.datanucleus.store.rdbms.mapping.datastore.NumericRDBMSMapping, default=false)
639  [main] DEBUG DataNucleus.Datastore  - Adding RDBMS support for Java type java.lang.Long (jdbc-type=SMALLINT, sql-type=SMALLINT, datastore-mapping-type=org.datanucleus.store.rdbms.mapping.datastore.SmallIntRDBMSMapping, default=false)
639  [main] DEBUG DataNucleus.Datastore  - Adding RDBMS support for Java type java.lang.Short (jdbc-type=SMALLINT, sql-type=SMALLINT, datastore-mapping-type=org.datanucleus.store.rdbms.mapping.datastore.SmallIntRDBMSMapping, default=true)
639  [main] DEBUG DataNucleus.Datastore  - Adding RDBMS support for Java type java.lang.Short (jdbc-type=INTEGER, sql-type=INTEGER, datastore-mapping-type=org.datanucleus.store.rdbms.mapping.datastore.IntegerRDBMSMapping, default=false)
639  [main] DEBUG DataNucleus.Datastore  - Adding RDBMS support for Java type java.lang.String (jdbc-type=VARCHAR, sql-type=VARCHAR, datastore-mapping-type=org.datanucleus.store.rdbms.mapping.datastore.VarCharRDBMSMapping, default=true)
640  [main] DEBUG DataNucleus.Datastore  - Adding RDBMS support for Java type java.lang.String (jdbc-type=CHAR, sql-type=CHAR, datastore-mapping-type=org.datanucleus.store.rdbms.mapping.datastore.CharRDBMSMapping, default=false)
640  [main] DEBUG DataNucleus.Datastore  - Adding RDBMS support for Java type java.lang.String (jdbc-type=BIGINT, sql-type=BIGINT, datastore-mapping-type=org.datanucleus.store.rdbms.mapping.datastore.BigIntRDBMSMapping, default=false)
640  [main] DEBUG DataNucleus.Datastore  - Adding RDBMS support for Java type java.lang.String (jdbc-type=LONGVARCHAR, sql-type=LONGVARCHAR, datastore-mapping-type=org.datanucleus.store.rdbms.mapping.datastore.LongVarcharRDBMSMapping, default=false)
641  [main] DEBUG DataNucleus.Datastore  - Adding RDBMS support for Java type java.lang.String (jdbc-type=CLOB, sql-type=CLOB, datastore-mapping-type=org.datanucleus.store.rdbms.mapping.datastore.ClobRDBMSMapping, default=false)
643  [main] DEBUG DataNucleus.Datastore  - Adding RDBMS support for Java type java.lang.String (jdbc-type=BLOB, sql-type=BLOB, datastore-mapping-type=org.datanucleus.store.rdbms.mapping.datastore.BlobRDBMSMapping, default=false)
646  [main] DEBUG DataNucleus.Datastore  - Adding RDBMS support for Java type java.lang.String (jdbc-type=NVARCHAR, sql-type=NVARCHAR, datastore-mapping-type=org.datanucleus.store.rdbms.mapping.datastore.NVarcharRDBMSMapping, default=false)
646  [main] DEBUG DataNucleus.Datastore  - Adding RDBMS support for Java type java.lang.String (jdbc-type=NCHAR, sql-type=NCHAR, datastore-mapping-type=org.datanucleus.store.rdbms.mapping.datastore.NCharRDBMSMapping, default=false)
646  [main] DEBUG DataNucleus.Datastore  - Adding RDBMS support for Java type java.math.BigDecimal (jdbc-type=NUMERIC, sql-type=NUMERIC, datastore-mapping-type=org.datanucleus.store.rdbms.mapping.datastore.NumericRDBMSMapping, default=false)
647  [main] DEBUG DataNucleus.Datastore  - Adding RDBMS support for Java type java.math.BigInteger (jdbc-type=NUMERIC, sql-type=NUMERIC, datastore-mapping-type=org.datanucleus.store.rdbms.mapping.datastore.NumericRDBMSMapping, default=true)
647  [main] DEBUG DataNucleus.Datastore  - Adding RDBMS support for Java type java.sql.Date (jdbc-type=DATE, sql-type=DATE, datastore-mapping-type=org.datanucleus.store.rdbms.mapping.datastore.DateRDBMSMapping, default=true)
648  [main] DEBUG DataNucleus.Datastore  - Adding RDBMS support for Java type java.sql.Date (jdbc-type=TIMESTAMP, sql-type=TIMESTAMP, datastore-mapping-type=org.datanucleus.store.rdbms.mapping.datastore.TimestampRDBMSMapping, default=false)
648  [main] DEBUG DataNucleus.Datastore  - Adding RDBMS support for Java type java.sql.Date (jdbc-type=CHAR, sql-type=CHAR, datastore-mapping-type=org.datanucleus.store.rdbms.mapping.datastore.CharRDBMSMapping, default=false)
648  [main] DEBUG DataNucleus.Datastore  - Adding RDBMS support for Java type java.sql.Date (jdbc-type=VARCHAR, sql-type=VARCHAR, datastore-mapping-type=org.datanucleus.store.rdbms.mapping.datastore.VarCharRDBMSMapping, default=false)
648  [main] DEBUG DataNucleus.Datastore  - Adding RDBMS support for Java type java.sql.Date (jdbc-type=BIGINT, sql-type=BIGINT, datastore-mapping-type=org.datanucleus.store.rdbms.mapping.datastore.BigIntRDBMSMapping, default=false)
648  [main] DEBUG DataNucleus.Datastore  - Adding RDBMS support for Java type java.sql.Time (jdbc-type=TIME, sql-type=TIME, datastore-mapping-type=org.datanucleus.store.rdbms.mapping.datastore.TimeRDBMSMapping, default=true)
649  [main] DEBUG DataNucleus.Datastore  - Adding RDBMS support for Java type java.sql.Time (jdbc-type=TIMESTAMP, sql-type=TIMESTAMP, datastore-mapping-type=org.datanucleus.store.rdbms.mapping.datastore.TimestampRDBMSMapping, default=false)
649  [main] DEBUG DataNucleus.Datastore  - Adding RDBMS support for Java type java.sql.Time (jdbc-type=CHAR, sql-type=CHAR, datastore-mapping-type=org.datanucleus.store.rdbms.mapping.datastore.CharRDBMSMapping, default=false)
649  [main] DEBUG DataNucleus.Datastore  - Adding RDBMS support for Java type java.sql.Time (jdbc-type=VARCHAR, sql-type=VARCHAR, datastore-mapping-type=org.datanucleus.store.rdbms.mapping.datastore.VarCharRDBMSMapping, default=false)
649  [main] DEBUG DataNucleus.Datastore  - Adding RDBMS support for Java type java.sql.Time (jdbc-type=BIGINT, sql-type=BIGINT, datastore-mapping-type=org.datanucleus.store.rdbms.mapping.datastore.BigIntRDBMSMapping, default=false)
649  [main] DEBUG DataNucleus.Datastore  - Adding RDBMS support for Java type java.sql.Timestamp (jdbc-type=TIMESTAMP, sql-type=TIMESTAMP, datastore-mapping-type=org.datanucleus.store.rdbms.mapping.datastore.TimestampRDBMSMapping, default=true)
649  [main] DEBUG DataNucleus.Datastore  - Adding RDBMS support for Java type java.sql.Timestamp (jdbc-type=CHAR, sql-type=CHAR, datastore-mapping-type=org.datanucleus.store.rdbms.mapping.datastore.CharRDBMSMapping, default=false)
649  [main] DEBUG DataNucleus.Datastore  - Adding RDBMS support for Java type java.sql.Timestamp (jdbc-type=VARCHAR, sql-type=VARCHAR, datastore-mapping-type=org.datanucleus.store.rdbms.mapping.datastore.VarCharRDBMSMapping, default=false)
649  [main] DEBUG DataNucleus.Datastore  - Adding RDBMS support for Java type java.util.Date (jdbc-type=TIMESTAMP, sql-type=TIMESTAMP, datastore-mapping-type=org.datanucleus.store.rdbms.mapping.datastore.TimestampRDBMSMapping, default=true)
649  [main] DEBUG DataNucleus.Datastore  - Adding RDBMS support for Java type java.util.Date (jdbc-type=DATE, sql-type=DATE, datastore-mapping-type=org.datanucleus.store.rdbms.mapping.datastore.DateRDBMSMapping, default=false)
649  [main] DEBUG DataNucleus.Datastore  - Adding RDBMS support for Java type java.util.Date (jdbc-type=CHAR, sql-type=CHAR, datastore-mapping-type=org.datanucleus.store.rdbms.mapping.datastore.CharRDBMSMapping, default=false)
650  [main] DEBUG DataNucleus.Datastore  - Adding RDBMS support for Java type java.util.Date (jdbc-type=VARCHAR, sql-type=VARCHAR, datastore-mapping-type=org.datanucleus.store.rdbms.mapping.datastore.VarCharRDBMSMapping, default=false)
650  [main] DEBUG DataNucleus.Datastore  - Adding RDBMS support for Java type java.util.Date (jdbc-type=BIGINT, sql-type=BIGINT, datastore-mapping-type=org.datanucleus.store.rdbms.mapping.datastore.BigIntRDBMSMapping, default=false)
650  [main] DEBUG DataNucleus.Datastore  - Adding RDBMS support for Java type java.util.Date (jdbc-type=TIME, sql-type=TIME, datastore-mapping-type=org.datanucleus.store.rdbms.mapping.datastore.TimeRDBMSMapping, default=false)
650  [main] DEBUG DataNucleus.Datastore  - Adding RDBMS support for Java type java.io.Serializable (jdbc-type=LONGVARBINARY, sql-type=LONGVARBINARY, datastore-mapping-type=org.datanucleus.store.rdbms.mapping.datastore.LongVarBinaryRDBMSMapping, default=true)
650  [main] DEBUG DataNucleus.Datastore  - Adding RDBMS support for Java type java.io.Serializable (jdbc-type=BLOB, sql-type=BLOB, datastore-mapping-type=org.datanucleus.store.rdbms.mapping.datastore.BlobRDBMSMapping, default=false)
651  [main] DEBUG DataNucleus.Datastore  - Adding RDBMS support for Java type java.io.Serializable (jdbc-type=VARBINARY, sql-type=VARBINARY, datastore-mapping-type=org.datanucleus.store.rdbms.mapping.datastore.VarBinaryRDBMSMapping, default=false)
652  [main] DEBUG DataNucleus.Datastore  - Adding RDBMS support for Java type java.io.File (jdbc-type=LONGVARBINARY, sql-type=LONGVARBINARY, datastore-mapping-type=org.datanucleus.store.rdbms.mapping.datastore.BinaryStreamRDBMSMapping, default=true)
652  [main] DEBUG DataNucleus.Datastore  - Adding RDBMS support for Java type org.datanucleus.identity.OID (jdbc-type=BIGINT, sql-type=BIGINT, datastore-mapping-type=org.datanucleus.store.rdbms.mapping.datastore.BigIntRDBMSMapping, default=true)
652  [main] DEBUG DataNucleus.Datastore  - Adding RDBMS support for Java type org.datanucleus.identity.OID (jdbc-type=INTEGER, sql-type=INTEGER, datastore-mapping-type=org.datanucleus.store.rdbms.mapping.datastore.IntegerRDBMSMapping, default=false)
652  [main] DEBUG DataNucleus.Datastore  - Adding RDBMS support for Java type org.datanucleus.identity.OID (jdbc-type=NUMERIC, sql-type=NUMERIC, datastore-mapping-type=org.datanucleus.store.rdbms.mapping.datastore.NumericRDBMSMapping, default=false)
652  [main] DEBUG DataNucleus.Datastore  - Adding RDBMS support for Java type org.datanucleus.identity.OID (jdbc-type=CHAR, sql-type=CHAR, datastore-mapping-type=org.datanucleus.store.rdbms.mapping.datastore.CharRDBMSMapping, default=false)
652  [main] DEBUG DataNucleus.Datastore  - Adding RDBMS support for Java type org.datanucleus.identity.OID (jdbc-type=VARCHAR, sql-type=VARCHAR, datastore-mapping-type=org.datanucleus.store.rdbms.mapping.datastore.VarCharRDBMSMapping, default=false)
851  [main] DEBUG DataNucleus.Datastore  - SQL type "name" (for JDBC type "VARCHAR") was discarded by the database adapter
851  [main] DEBUG DataNucleus.Datastore  - SQL type "bigserial" (for JDBC type "BIGINT") was discarded by the database adapter
851  [main] DEBUG DataNucleus.Datastore  - SQL type "int2vector" (for JDBC type "OTHER") was discarded by the database adapter
851  [main] DEBUG DataNucleus.Datastore  - SQL type "serial" (for JDBC type "INTEGER") was discarded by the database adapter
852  [main] DEBUG DataNucleus.Datastore  - SQL type "regproc" (for JDBC type "OTHER") was discarded by the database adapter
852  [main] DEBUG DataNucleus.Datastore  - SQL type "oid" (for JDBC type "BIGINT") was discarded by the database adapter
852  [main] DEBUG DataNucleus.Datastore  - SQL type "tid" (for JDBC type "OTHER") was discarded by the database adapter
852  [main] DEBUG DataNucleus.Datastore  - SQL type "xid" (for JDBC type "OTHER") was discarded by the database adapter
852  [main] DEBUG DataNucleus.Datastore  - SQL type "cid" (for JDBC type "OTHER") was discarded by the database adapter
853  [main] DEBUG DataNucleus.Datastore  - SQL type "oidvector" (for JDBC type "OTHER") was discarded by the database adapter
853  [main] DEBUG DataNucleus.Datastore  - SQL type "json" (for JDBC type "OTHER") was discarded by the database adapter
854  [main] DEBUG DataNucleus.Datastore  - SQL type "pg_node_tree" (for JDBC type "OTHER") was discarded by the database adapter
854  [main] DEBUG DataNucleus.Datastore  - SQL type "smgr" (for JDBC type "OTHER") was discarded by the database adapter
854  [main] DEBUG DataNucleus.Datastore  - SQL type "point" (for JDBC type "OTHER") was discarded by the database adapter
854  [main] DEBUG DataNucleus.Datastore  - SQL type "lseg" (for JDBC type "OTHER") was discarded by the database adapter
854  [main] DEBUG DataNucleus.Datastore  - SQL type "path" (for JDBC type "OTHER") was discarded by the database adapter
854  [main] DEBUG DataNucleus.Datastore  - SQL type "box" (for JDBC type "OTHER") was discarded by the database adapter
854  [main] DEBUG DataNucleus.Datastore  - SQL type "polygon" (for JDBC type "OTHER") was discarded by the database adapter
855  [main] DEBUG DataNucleus.Datastore  - SQL type "line" (for JDBC type "OTHER") was discarded by the database adapter
855  [main] DEBUG DataNucleus.Datastore  - SQL type "abstime" (for JDBC type "OTHER") was discarded by the database adapter
855  [main] DEBUG DataNucleus.Datastore  - SQL type "reltime" (for JDBC type "OTHER") was discarded by the database adapter
855  [main] DEBUG DataNucleus.Datastore  - SQL type "tinterval" (for JDBC type "OTHER") was discarded by the database adapter
856  [main] DEBUG DataNucleus.Datastore  - SQL type "unknown" (for JDBC type "OTHER") was discarded by the database adapter
856  [main] DEBUG DataNucleus.Datastore  - SQL type "circle" (for JDBC type "OTHER") was discarded by the database adapter
856  [main] DEBUG DataNucleus.Datastore  - SQL type "money" (for JDBC type "DOUBLE") was discarded by the database adapter
856  [main] DEBUG DataNucleus.Datastore  - SQL type "macaddr" (for JDBC type "OTHER") was discarded by the database adapter
856  [main] DEBUG DataNucleus.Datastore  - SQL type "inet" (for JDBC type "OTHER") was discarded by the database adapter
856  [main] DEBUG DataNucleus.Datastore  - SQL type "cidr" (for JDBC type "OTHER") was discarded by the database adapter
859  [main] DEBUG DataNucleus.Datastore  - SQL type "aclitem" (for JDBC type "OTHER") was discarded by the database adapter
860  [main] DEBUG DataNucleus.Datastore  - SQL type "bpchar" (for JDBC type "CHAR") was discarded by the database adapter
860  [main] DEBUG DataNucleus.Datastore  - SQL type "timestamp" (for JDBC type "TIMESTAMP") was discarded by the database adapter
861  [main] DEBUG DataNucleus.Datastore  - SQL type "interval" (for JDBC type "OTHER") was discarded by the database adapter
861  [main] DEBUG DataNucleus.Datastore  - SQL type "timetz" (for JDBC type "TIME") was discarded by the database adapter
862  [main] DEBUG DataNucleus.Datastore  - SQL type "bit" (for JDBC type "BIT") was discarded by the database adapter
862  [main] DEBUG DataNucleus.Datastore  - SQL type "varbit" (for JDBC type "OTHER") was discarded by the database adapter
862  [main] DEBUG DataNucleus.Datastore  - SQL type "refcursor" (for JDBC type "OTHER") was discarded by the database adapter
862  [main] DEBUG DataNucleus.Datastore  - SQL type "regprocedure" (for JDBC type "OTHER") was discarded by the database adapter
863  [main] DEBUG DataNucleus.Datastore  - SQL type "regoper" (for JDBC type "OTHER") was discarded by the database adapter
863  [main] DEBUG DataNucleus.Datastore  - SQL type "regoperator" (for JDBC type "OTHER") was discarded by the database adapter
863  [main] DEBUG DataNucleus.Datastore  - SQL type "regclass" (for JDBC type "OTHER") was discarded by the database adapter
863  [main] DEBUG DataNucleus.Datastore  - SQL type "regtype" (for JDBC type "OTHER") was discarded by the database adapter
864  [main] DEBUG DataNucleus.Datastore  - SQL type "uuid" (for JDBC type "OTHER") was discarded by the database adapter
864  [main] DEBUG DataNucleus.Datastore  - SQL type "tsvector" (for JDBC type "OTHER") was discarded by the database adapter
864  [main] DEBUG DataNucleus.Datastore  - SQL type "gtsvector" (for JDBC type "OTHER") was discarded by the database adapter
864  [main] DEBUG DataNucleus.Datastore  - SQL type "tsquery" (for JDBC type "OTHER") was discarded by the database adapter
864  [main] DEBUG DataNucleus.Datastore  - SQL type "regconfig" (for JDBC type "OTHER") was discarded by the database adapter
864  [main] DEBUG DataNucleus.Datastore  - SQL type "regdictionary" (for JDBC type "OTHER") was discarded by the database adapter
865  [main] DEBUG DataNucleus.Datastore  - SQL type "txid_snapshot" (for JDBC type "OTHER") was discarded by the database adapter
865  [main] DEBUG DataNucleus.Datastore  - SQL type "int4range" (for JDBC type "OTHER") was discarded by the database adapter
866  [main] DEBUG DataNucleus.Datastore  - SQL type "numrange" (for JDBC type "OTHER") was discarded by the database adapter
866  [main] DEBUG DataNucleus.Datastore  - SQL type "tsrange" (for JDBC type "OTHER") was discarded by the database adapter
866  [main] DEBUG DataNucleus.Datastore  - SQL type "tstzrange" (for JDBC type "OTHER") was discarded by the database adapter
866  [main] DEBUG DataNucleus.Datastore  - SQL type "daterange" (for JDBC type "OTHER") was discarded by the database adapter
867  [main] DEBUG DataNucleus.Datastore  - SQL type "int8range" (for JDBC type "OTHER") was discarded by the database adapter
867  [main] DEBUG DataNucleus.Datastore  - SQL type "record" (for JDBC type "OTHER") was discarded by the database adapter
867  [main] DEBUG DataNucleus.Datastore  - SQL type "cstring" (for JDBC type "OTHER") was discarded by the database adapter
867  [main] DEBUG DataNucleus.Datastore  - SQL type "any" (for JDBC type "OTHER") was discarded by the database adapter
867  [main] DEBUG DataNucleus.Datastore  - SQL type "anyarray" (for JDBC type "OTHER") was discarded by the database adapter
867  [main] DEBUG DataNucleus.Datastore  - SQL type "void" (for JDBC type "OTHER") was discarded by the database adapter
868  [main] DEBUG DataNucleus.Datastore  - SQL type "trigger" (for JDBC type "OTHER") was discarded by the database adapter
868  [main] DEBUG DataNucleus.Datastore  - SQL type "language_handler" (for JDBC type "OTHER") was discarded by the database adapter
868  [main] DEBUG DataNucleus.Datastore  - SQL type "internal" (for JDBC type "OTHER") was discarded by the database adapter
868  [main] DEBUG DataNucleus.Datastore  - SQL type "opaque" (for JDBC type "OTHER") was discarded by the database adapter
868  [main] DEBUG DataNucleus.Datastore  - SQL type "anyelement" (for JDBC type "OTHER") was discarded by the database adapter
868  [main] DEBUG DataNucleus.Datastore  - SQL type "anynonarray" (for JDBC type "OTHER") was discarded by the database adapter
869  [main] DEBUG DataNucleus.Datastore  - SQL type "anyenum" (for JDBC type "OTHER") was discarded by the database adapter
869  [main] DEBUG DataNucleus.Datastore  - SQL type "fdw_handler" (for JDBC type "OTHER") was discarded by the database adapter
869  [main] DEBUG DataNucleus.Datastore  - SQL type "anyrange" (for JDBC type "OTHER") was discarded by the database adapter
888  [main] DEBUG DataNucleus.Datastore  - Removing RDBMS support for Java type java.lang.String (jdbc-type=NCHAR, sql-type=NCHAR)
888  [main] DEBUG DataNucleus.Datastore  - Removing RDBMS support for Java type java.lang.Boolean (jdbc-type=BOOLEAN, sql-type=BOOLEAN)
888  [main] DEBUG DataNucleus.Datastore  - Removing RDBMS support for Java type java.lang.String (jdbc-type=NVARCHAR, sql-type=NVARCHAR)
888  [main] DEBUG DataNucleus.Datastore  - Removing RDBMS support for Java type java.io.Serializable (jdbc-type=VARBINARY, sql-type=VARBINARY)
907  [main] DEBUG DataNucleus.Datastore.Schema  - Column ""DELETEME1407373352019"."UNUSED"" added to internal representation of table.
909  [main] DEBUG DataNucleus.Datastore.Schema  - Creating table "DELETEME1407373352019"
911  [main] DEBUG DataNucleus.Datastore.Schema  - CREATE TABLE "DELETEME1407373352019"
(
    "UNUSED" int4 NOT NULL
)
914  [main] DEBUG DataNucleus.Datastore.Schema  - Execution Time = 3 ms
919  [main] DEBUG DataNucleus.Datastore.Schema  - Catalog Name could not be determined for this datastore
919  [main] DEBUG DataNucleus.Datastore.Schema  - Dropping table "DELETEME1407373352019"
919  [main] DEBUG DataNucleus.Datastore.Schema  - DROP TABLE "DELETEME1407373352019" CASCADE
920  [main] DEBUG DataNucleus.Datastore.Schema  - Execution Time = 1 ms
920  [main] DEBUG DataNucleus.Datastore  - ======================= Datastore =========================
920  [main] DEBUG DataNucleus.Datastore  - StoreManager : "rdbms" (org.datanucleus.store.rdbms.RDBMSStoreManager)
920  [main] DEBUG DataNucleus.Datastore  - Datastore : read-write
920  [main] DEBUG DataNucleus.Datastore  - Schema Control : AutoCreate(Tables,Columns,Constraints), Validate(None)
920  [main] DEBUG DataNucleus.Datastore  - Query Languages : [JDOQL, JPQL, SQL, STOREDPROC]
920  [main] DEBUG DataNucleus.Datastore  - Queries : Timeout=0
920  [main] DEBUG DataNucleus.Datastore  - ===========================================================
920  [main] DEBUG DataNucleus.Datastore  - Datastore Adapter : org.datanucleus.store.rdbms.adapter.PostgreSQLAdapter
921  [main] DEBUG DataNucleus.Datastore  - Datastore : name="PostgreSQL" version="9.2.3"
921  [main] DEBUG DataNucleus.Datastore  - Datastore Driver : name="PostgreSQL Native Driver" version="PostgreSQL 9.3 JDBC4 (build 1101)"
921  [main] DEBUG DataNucleus.Datastore  - Primary Connection Factory : URL[jdbc:postgresql://localhost/musicbrainz]
921  [main] DEBUG DataNucleus.Datastore  - Secondary Connection Factory : URL[jdbc:postgresql://localhost/musicbrainz]
921  [main] DEBUG DataNucleus.Datastore  - Datastore Identifiers : factory="jpa" case="UPPERCASE" schema=public
921  [main] DEBUG DataNucleus.Datastore  - Supported Identifier Cases : lowercase "MixedCase-Sensitive" 
921  [main] DEBUG DataNucleus.Datastore  - Supported Identifier Lengths (max) : Table=63 Column=63 Constraint=63 Index=63 Delimiter="
921  [main] DEBUG DataNucleus.Datastore  - Support for Identifiers in DDL : catalog=false schema=true
921  [main] DEBUG DataNucleus.Datastore  - Datastore : checkTableViewExistence, rdbmsConstraintCreateMode=DataNucleus, initialiseColumnInfo=ALL
921  [main] DEBUG DataNucleus.Datastore  - Support Statement Batching : yes (max-batch-size=50)
921  [main] DEBUG DataNucleus.Datastore  - Queries : Results direction=forward, type=forward-only, concurrency=read-only
921  [main] DEBUG DataNucleus.Datastore  - Java-Types : string-default-length=255
921  [main] DEBUG DataNucleus.Datastore  - JDBC-Types : [id=2009], BLOB, CLOB, TIMESTAMP, TIME, STRUCT, DATE, ARRAY, VARCHAR, NUMERIC, CHAR, REAL, LONGVARCHAR, LONGVARBINARY, SMALLINT, INTEGER, BIGINT, BIT, DOUBLE, DISTINCT
921  [main] DEBUG DataNucleus.Datastore  - ===========================================================
924  [main] DEBUG DataNucleus.Connection  - Connection "org.datanucleus.store.rdbms.datasource.dbcp.PoolingDataSource$PoolGuardConnectionWrapper@45d58963" non enlisted to a transaction is being committed.
924  [main] DEBUG DataNucleus.Connection  - Connection "org.datanucleus.store.rdbms.datasource.dbcp.PoolingDataSource$PoolGuardConnectionWrapper@45d58963" closed
924  [main] DEBUG DataNucleus.Datastore  - StoreManager now created
925  [main] DEBUG DataNucleus.Persistence  - Started pool of ExecutionContext (maxPool=20, reaperThread=false)
938  [main] DEBUG DataNucleus.Persistence  - ================= NucleusContext ===============
938  [main] DEBUG DataNucleus.Persistence  - DataNucleus Context : Version "3.2.13" with JRE "1.7.0_51" on "Windows 7"
938  [main] DEBUG DataNucleus.Persistence  - Persistence API : JPA
938  [main] DEBUG DataNucleus.Persistence  - Persistence-Unit : musicbrainz
938  [main] DEBUG DataNucleus.Persistence  - Plugin Registry : org.datanucleus.plugin.NonManagedPluginRegistry
938  [main] DEBUG DataNucleus.Persistence  - ClassLoading : datanucleus
938  [main] DEBUG DataNucleus.Persistence  - Persistence : pm-singlethreaded, retain-values, nontransactional-read, nontransactional-write, detach-on-close, copy-on-attach, deletion-policy=JDO2, serverTimeZone=America/Sao_Paulo
939  [main] DEBUG DataNucleus.Persistence  - AutoStart : mechanism=None, mode=Quiet
939  [main] DEBUG DataNucleus.Persistence  - Transactions : type=RESOURCE_LOCAL, mode=optimistic, isolation=read-committed
939  [main] DEBUG DataNucleus.Persistence  - ValueGeneration : txn-isolation=read-committed connection=New
939  [main] DEBUG DataNucleus.Persistence  - Cache : Level1 (soft), Level2 (soft, mode=UNSPECIFIED), QueryResults (soft), Collections/Maps 
939  [main] DEBUG DataNucleus.Persistence  - ================================================
964  [main] DEBUG DataNucleus.Persistence  - ExecutionContext "org.datanucleus.ExecutionContextImpl@10d7a8fb" opened for datastore "org.datanucleus.store.rdbms.RDBMSStoreManager@32f7fa37" with txn="org.datanucleus.TransactionImpl@3e96ff60"
966  [main] DEBUG DataNucleus.Cache  - Level 2 Cache of type "soft" initialised
968  [main] DEBUG DataNucleus.Cache  - Level 1 Cache of type "soft" initialised
1001 [main] DEBUG org.jboss.logging  - Logging Provider: org.jboss.logging.Log4jLoggerProvider
1001 [main] INFO  org.hibernate.validator.internal.util.Version  - HV000001: Hibernate Validator 5.1.2.Final
1010 [main] DEBUG org.hibernate.validator.internal.engine.resolver.DefaultTraversableResolver  - Found javax.persistence.Persistence on classpath containing 'getPersistenceUtil'. Assuming JPA 2 environment. Trying to instantiate JPA aware TraversableResolver
1011 [main] DEBUG org.hibernate.validator.internal.engine.resolver.DefaultTraversableResolver  - Instantiated JPA aware TraversableResolver of type org.hibernate.validator.internal.engine.resolver.JPATraversableResolver.
1022 [main] DEBUG org.hibernate.validator.internal.xml.ValidationXmlParser  - Trying to load META-INF/validation.xml for XML based Validator configuration.
1027 [main] DEBUG org.hibernate.validator.internal.xml.ValidationXmlParser  - No META-INF/validation.xml found. Using annotation based configuration only.
Artist
MusicalGender
Work
Record
Name
StringBase
Author
BirthDateBase
1106 [main] DEBUG DataNucleus.Cache  - Level 1 Cache cleared
1106 [main] DEBUG DataNucleus.Persistence  - ExecutionContext "org.datanucleus.ExecutionContextImpl@10d7a8fb" closed
1179 [main] DEBUG DataNucleus.Connection  - Closing Connection Pool tx
1179 [main] DEBUG DataNucleus.Connection  - Closing Connection Pool nontx
1179 [main] DEBUG DataNucleus.Persistence  - Unmanaging Persistence of all classes
1179 [main] DEBUG DataNucleus.Cache  - Level 2 Cache cleared
]]></system-out>
  <system-err><![CDATA[]]></system-err>
</testsuite>
